<?xml version="1.0" encoding="UTF-8"?>
<!--
  Licensed to the Apache Software Foundation (ASF) under one or more
  contributor license agreements.  See the NOTICE file distributed with
  this work for additional information regarding copyright ownership.
  The ASF licenses this file to You under the Apache License, Version 2.0
  (the "License"); you may not use this file except in compliance with
  the License.  You may obtain a copy of the License at

       http://www.apache.org/licenses/LICENSE-2.0

  Unless required by applicable law or agreed to in writing, software
  distributed under the License is distributed on an "AS IS" BASIS,
  WITHOUT WARRANTIES OR CONDITIONS OF ANY KIND, either express or implied.
  See the License for the specific language governing permissions and
  limitations under the License.
-->

<!DOCTYPE cache PUBLIC
  "-//GemStone Systems, Inc.//GemFire Declarative Caching 6.5//EN"
  "http://www.gemstone.com/dtd/cache6_5.dtd" >

<cache>
  <!-- combinations of key, value types with region types -->
  <region name="pr_r_obj_obj_region" refid="PARTITION_REDUNDANT" />
  <region name="pr_obj_obj_region" refid="PARTITION" />
  <region name="rr_obj_obj_region" refid="REPLICATE" />
  <region name="rr_p_obj_obj_region" refid="REPLICATE_PERSISTENT" />

  <region name="pr_r_str_int_region" refid="PARTITION_REDUNDANT">
    <region-attributes>
      <key-constraint>java.lang.String</key-constraint>
      <value-constraint>java.lang.Integer</value-constraint>
    </region-attributes>
  </region>
  
  <region name="pr_str_int_region" refid="PARTITION">
    <region-attributes>
      <key-constraint>java.lang.String</key-constraint>
      <value-constraint>java.lang.Integer</value-constraint>
    </region-attributes>
  </region>

  <region name="rr_str_int_region" refid="REPLICATE">
    <region-attributes>
      <key-constraint>java.lang.String</key-constraint>
      <value-constraint>java.lang.Integer</value-constraint>
    </region-attributes>
  </region>
  
  <region name="rr_p_str_int_region" refid="REPLICATE_PERSISTENT">
    <region-attributes>
      <key-constraint>java.lang.String</key-constraint>
      <value-constraint>java.lang.Integer</value-constraint>
    </region-attributes>
  </region>
</cache>
